<?xml version="1.0" encoding="UTF-8"?>
<!-- Generated by org.testng.reporters.JUnitXMLReporter -->
<testsuite hostname="julian-PC" name="Default test" tests="3" failures="0" timestamp="8 Jul 2015 07:59:54 GMT" time="84.967" errors="0">
  <testcase name="signInWithInvalidInfo" time="19.549" classname="au.com.vclass.automationtests.signin.SignInTest"/>
  <testcase name="signInWithValidInfo" time="24.957" classname="au.com.vclass.automationtests.signin.SignInTest"/>
  <testcase name="signInRemMe" time="28.94" classname="au.com.vclass.automationtests.signin.SignInTest"/>
</testsuite> <!-- Default test -->
