<?xml version="1.0" encoding="UTF-8"?>
<!-- Generated by org.testng.reporters.JUnitXMLReporter -->
<testsuite hostname="julian-PC" name="Command line test" tests="10" failures="0" timestamp="8 Jul 2015 07:03:03 GMT" time="298.911" errors="0">
  <testcase name="penThickness" time="30.764" classname="au.com.vclass.automationtests.CombineTest"/>
  <testcase name="meetingTest" time="2.156" classname="au.com.vclass.automationtests.NewTest"/>
  <testcase name="signInWithInvalidInfo" time="23.164" classname="au.com.vclass.automationtests.signin.SignInTest"/>
  <testcase name="signInWithValidInfo" time="25.818" classname="au.com.vclass.automationtests.SignInTest"/>
  <testcase name="penColor" time="6.203" classname="au.com.vclass.automationtests.CombineTest"/>
  <testcase name="signInWithValidInfo" time="23.962" classname="au.com.vclass.automationtests.signin.SignInTest"/>
  <testcase name="signInWithInvalidInfo" time="28.76" classname="au.com.vclass.automationtests.SignInTest"/>
  <testcase name="pageNavigation" time="12.637" classname="au.com.vclass.automationtests.CombineTest"/>
  <testcase name="signInRemMe" time="31.467" classname="au.com.vclass.automationtests.signin.SignInTest"/>
  <testcase name="zoomAndScale" time="20.84" classname="au.com.vclass.automationtests.CombineTest"/>
</testsuite> <!-- Command line test -->
