<?xml version="1.0" encoding="UTF-8" ?>
<testsuite tests="10" failures="0" name="TestSuite" time="205.766" errors="0" skipped="0">
  <properties>
[...]
</properties>
  <testcase classname="au.com.vclass.automationtests.CombineTest" name="penThickness" time="30.769"/>
  <testcase classname="au.com.vclass.automationtests.NewTest" name="meetingTest" time="2.145"/>
  <testcase classname="au.com.vclass.automationtests.signin.SignInTest" name="signInWithInvalidInfo" time="23.163"/>
  <testcase classname="au.com.vclass.automationtests.SignInTest" name="signInWithValidInfo" time="25.819"/>
  <testcase classname="au.com.vclass.automationtests.CombineTest" name="penColor" time="6.208"/>
  <testcase classname="au.com.vclass.automationtests.signin.SignInTest" name="signInWithValidInfo" time="23.958"/>
  <testcase classname="au.com.vclass.automationtests.SignInTest" name="signInWithInvalidInfo" time="28.759"/>
  <testcase classname="au.com.vclass.automationtests.CombineTest" name="pageNavigation" time="12.639"/>
  <testcase classname="au.com.vclass.automationtests.signin.SignInTest" name="signInRemMe" time="31.466"/>
  <testcase classname="au.com.vclass.automationtests.CombineTest" name="zoomAndScale" time="20.84"/>
</testsuite>