<?xml version="1.0" encoding="UTF-8"?>
<testng-results skipped="0" failed="0" total="3" passed="3">
  <reporter-output>
  </reporter-output>
  <suite name="au.com.vclass.automationtests.signin.SignInTest" duration-ms="83359" started-at="2015-08-31T15:03:20Z" finished-at="2015-08-31T15:04:44Z">
    <groups>
    </groups>
    <test name="Command line test" duration-ms="83359" started-at="2015-08-31T15:03:20Z" finished-at="2015-08-31T15:04:44Z">
      <class name="au.com.vclass.automationtests.signin.SignInTest">
        <test-method status="PASS" signature="beforeTest()[pri:0, instance:au.com.vclass.automationtests.signin.SignInTest@77b52d12]" name="beforeTest" is-config="true" duration-ms="169" started-at="2015-09-01T01:03:20Z" finished-at="2015-09-01T01:03:21Z">
          <reporter-output>
          </reporter-output>
        </test-method> <!-- beforeTest -->
        <test-method status="PASS" signature="signInWithInvalidInfo()[pri:0, instance:au.com.vclass.automationtests.signin.SignInTest@77b52d12]" name="signInWithInvalidInfo" duration-ms="27326" started-at="2015-09-01T01:03:21Z" finished-at="2015-09-01T01:03:48Z">
          <reporter-output>
          </reporter-output>
        </test-method> <!-- signInWithInvalidInfo -->
        <test-method status="PASS" signature="beforeMethod()[pri:0, instance:au.com.vclass.automationtests.signin.SignInTest@77b52d12]" name="beforeMethod" is-config="true" duration-ms="0" started-at="2015-09-01T01:03:21Z" finished-at="2015-09-01T01:03:21Z">
          <reporter-output>
          </reporter-output>
        </test-method> <!-- beforeMethod -->
        <test-method status="PASS" signature="afterMethod()[pri:0, instance:au.com.vclass.automationtests.signin.SignInTest@77b52d12]" name="afterMethod" is-config="true" duration-ms="2680" started-at="2015-09-01T01:03:48Z" finished-at="2015-09-01T01:03:51Z">
          <reporter-output>
          </reporter-output>
        </test-method> <!-- afterMethod -->
        <test-method status="PASS" signature="signInWithValidInfo()[pri:0, instance:au.com.vclass.automationtests.signin.SignInTest@77b52d12]" name="signInWithValidInfo" duration-ms="23332" started-at="2015-09-01T01:03:51Z" finished-at="2015-09-01T01:04:14Z">
          <reporter-output>
          </reporter-output>
        </test-method> <!-- signInWithValidInfo -->
        <test-method status="PASS" signature="beforeMethod()[pri:0, instance:au.com.vclass.automationtests.signin.SignInTest@77b52d12]" name="beforeMethod" is-config="true" duration-ms="0" started-at="2015-09-01T01:03:51Z" finished-at="2015-09-01T01:03:51Z">
          <reporter-output>
          </reporter-output>
        </test-method> <!-- beforeMethod -->
        <test-method status="PASS" signature="afterMethod()[pri:0, instance:au.com.vclass.automationtests.signin.SignInTest@77b52d12]" name="afterMethod" is-config="true" duration-ms="2650" started-at="2015-09-01T01:04:14Z" finished-at="2015-09-01T01:04:17Z">
          <reporter-output>
          </reporter-output>
        </test-method> <!-- afterMethod -->
        <test-method status="PASS" signature="signInRemMe()[pri:0, instance:au.com.vclass.automationtests.signin.SignInTest@77b52d12]" name="signInRemMe" duration-ms="24439" started-at="2015-09-01T01:04:17Z" finished-at="2015-09-01T01:04:41Z">
          <reporter-output>
          </reporter-output>
        </test-method> <!-- signInRemMe -->
        <test-method status="PASS" signature="beforeMethod()[pri:0, instance:au.com.vclass.automationtests.signin.SignInTest@77b52d12]" name="beforeMethod" is-config="true" duration-ms="0" started-at="2015-09-01T01:04:17Z" finished-at="2015-09-01T01:04:17Z">
          <reporter-output>
          </reporter-output>
        </test-method> <!-- beforeMethod -->
        <test-method status="PASS" signature="afterMethod()[pri:0, instance:au.com.vclass.automationtests.signin.SignInTest@77b52d12]" name="afterMethod" is-config="true" duration-ms="2650" started-at="2015-09-01T01:04:41Z" finished-at="2015-09-01T01:04:44Z">
          <reporter-output>
          </reporter-output>
        </test-method> <!-- afterMethod -->
        <test-method status="PASS" signature="afterTest()[pri:0, instance:au.com.vclass.automationtests.signin.SignInTest@77b52d12]" name="afterTest" is-config="true" duration-ms="0" started-at="2015-09-01T01:04:44Z" finished-at="2015-09-01T01:04:44Z">
          <reporter-output>
          </reporter-output>
        </test-method> <!-- afterTest -->
      </class> <!-- au.com.vclass.automationtests.signin.SignInTest -->
    </test> <!-- Command line test -->
  </suite> <!-- au.com.vclass.automationtests.signin.SignInTest -->
</testng-results>
