<?xml version="1.0" encoding="UTF-8"?>
<testng-results skipped="0" failed="0" total="3" passed="3">
  <reporter-output>
  </reporter-output>
  <suite name="Default suite" duration-ms="122037" started-at="2015-07-27T00:53:42Z" finished-at="2015-07-27T00:55:44Z">
    <groups>
    </groups>
    <test name="Default test" duration-ms="122037" started-at="2015-07-27T00:53:42Z" finished-at="2015-07-27T00:55:44Z">
      <class name="au.com.vclass.automationtests.signin.SignInTest">
        <test-method status="PASS" signature="beforeTest()[pri:0, instance:au.com.vclass.automationtests.signin.SignInTest@5d740a0f]" name="beforeTest" is-config="true" duration-ms="403" started-at="2015-07-27T10:53:42Z" finished-at="2015-07-27T10:53:42Z">
          <reporter-output>
          </reporter-output>
        </test-method> <!-- beforeTest -->
        <test-method status="PASS" signature="beforeMethod()[pri:0, instance:au.com.vclass.automationtests.signin.SignInTest@5d740a0f]" name="beforeMethod" is-config="true" duration-ms="0" started-at="2015-07-27T10:53:42Z" finished-at="2015-07-27T10:53:42Z">
          <reporter-output>
          </reporter-output>
        </test-method> <!-- beforeMethod -->
        <test-method status="PASS" signature="signInWithInvalidInfo()[pri:0, instance:au.com.vclass.automationtests.signin.SignInTest@5d740a0f]" name="signInWithInvalidInfo" duration-ms="19469" started-at="2015-07-27T10:53:42Z" finished-at="2015-07-27T10:54:02Z">
          <reporter-output>
          </reporter-output>
        </test-method> <!-- signInWithInvalidInfo -->
        <test-method status="PASS" signature="afterMethod()[pri:0, instance:au.com.vclass.automationtests.signin.SignInTest@5d740a0f]" name="afterMethod" is-config="true" duration-ms="2741" started-at="2015-07-27T10:54:02Z" finished-at="2015-07-27T10:54:05Z">
          <reporter-output>
          </reporter-output>
        </test-method> <!-- afterMethod -->
        <test-method status="PASS" signature="beforeMethod()[pri:0, instance:au.com.vclass.automationtests.signin.SignInTest@5d740a0f]" name="beforeMethod" is-config="true" duration-ms="1" started-at="2015-07-27T10:54:05Z" finished-at="2015-07-27T10:54:05Z">
          <reporter-output>
          </reporter-output>
        </test-method> <!-- beforeMethod -->
        <test-method status="PASS" signature="signInWithValidInfo()[pri:0, instance:au.com.vclass.automationtests.signin.SignInTest@5d740a0f]" name="signInWithValidInfo" duration-ms="19934" started-at="2015-07-27T10:54:05Z" finished-at="2015-07-27T10:54:25Z">
          <reporter-output>
          </reporter-output>
        </test-method> <!-- signInWithValidInfo -->
        <test-method status="PASS" signature="afterMethod()[pri:0, instance:au.com.vclass.automationtests.signin.SignInTest@5d740a0f]" name="afterMethod" is-config="true" duration-ms="2783" started-at="2015-07-27T10:54:25Z" finished-at="2015-07-27T10:54:27Z">
          <reporter-output>
          </reporter-output>
        </test-method> <!-- afterMethod -->
        <test-method status="PASS" signature="beforeMethod()[pri:0, instance:au.com.vclass.automationtests.signin.SignInTest@5d740a0f]" name="beforeMethod" is-config="true" duration-ms="2" started-at="2015-07-27T10:54:27Z" finished-at="2015-07-27T10:54:27Z">
          <reporter-output>
          </reporter-output>
        </test-method> <!-- beforeMethod -->
        <test-method status="PASS" signature="signInRemMe()[pri:0, instance:au.com.vclass.automationtests.signin.SignInTest@5d740a0f]" name="signInRemMe" duration-ms="23863" started-at="2015-07-27T10:54:27Z" finished-at="2015-07-27T10:54:51Z">
          <reporter-output>
          </reporter-output>
        </test-method> <!-- signInRemMe -->
        <test-method status="PASS" signature="afterMethod()[pri:0, instance:au.com.vclass.automationtests.signin.SignInTest@5d740a0f]" name="afterMethod" is-config="true" duration-ms="2949" started-at="2015-07-27T10:54:51Z" finished-at="2015-07-27T10:54:54Z">
          <reporter-output>
          </reporter-output>
        </test-method> <!-- afterMethod -->
        <test-method status="FAIL" signature="afterTest()[pri:0, instance:au.com.vclass.automationtests.signin.SignInTest@5d740a0f]" name="afterTest" is-config="true" duration-ms="0" started-at="2015-07-27T10:54:54Z" finished-at="2015-07-27T10:54:54Z">
          <exception class="java.lang.NoClassDefFoundError">
            <message>
              <![CDATA[javax/mail/Authenticator]]>
            </message>
            <full-stacktrace>
              <![CDATA[java.lang.NoClassDefFoundError: javax/mail/Authenticator
	at au.com.vclass.automationtests.signin.SignInTest.afterTest(SignInTest.java:296)
	at sun.reflect.NativeMethodAccessorImpl.invoke0(Native Method)
	at sun.reflect.NativeMethodAccessorImpl.invoke(NativeMethodAccessorImpl.java:62)
	at sun.reflect.DelegatingMethodAccessorImpl.invoke(DelegatingMethodAccessorImpl.java:43)
	at java.lang.reflect.Method.invoke(Method.java:497)
	at org.testng.internal.MethodInvocationHelper.invokeMethod(MethodInvocationHelper.java:85)
	at org.testng.internal.Invoker.invokeConfigurationMethod(Invoker.java:517)
	at org.testng.internal.Invoker.invokeConfigurations(Invoker.java:213)
	at org.testng.internal.Invoker.invokeConfigurations(Invoker.java:140)
	at org.testng.TestRunner.afterRun(TestRunner.java:1019)
	at org.testng.TestRunner.run(TestRunner.java:625)
	at org.testng.SuiteRunner.runTest(SuiteRunner.java:357)
	at org.testng.SuiteRunner.runSequentially(SuiteRunner.java:352)
	at org.testng.SuiteRunner.privateRun(SuiteRunner.java:310)
	at org.testng.SuiteRunner.run(SuiteRunner.java:259)
	at org.testng.SuiteRunnerWorker.runSuite(SuiteRunnerWorker.java:52)
	at org.testng.SuiteRunnerWorker.run(SuiteRunnerWorker.java:86)
	at org.testng.TestNG.runSuitesSequentially(TestNG.java:1199)
	at org.testng.TestNG.runSuitesLocally(TestNG.java:1124)
	at org.testng.TestNG.run(TestNG.java:1032)
	at org.testng.remote.RemoteTestNG.run(RemoteTestNG.java:111)
	at org.testng.remote.RemoteTestNG.initAndRun(RemoteTestNG.java:204)
	at org.testng.remote.RemoteTestNG.main(RemoteTestNG.java:175)
Caused by: java.lang.ClassNotFoundException: javax.mail.Authenticator
	at java.net.URLClassLoader.findClass(URLClassLoader.java:381)
	at java.lang.ClassLoader.loadClass(ClassLoader.java:424)
	at sun.misc.Launcher$AppClassLoader.loadClass(Launcher.java:331)
	at java.lang.ClassLoader.loadClass(ClassLoader.java:357)
	... 23 more
]]>
            </full-stacktrace>
          </exception> <!-- java.lang.NoClassDefFoundError -->
          <reporter-output>
          </reporter-output>
        </test-method> <!-- afterTest -->
      </class> <!-- au.com.vclass.automationtests.signin.SignInTest -->
    </test> <!-- Default test -->
  </suite> <!-- Default suite -->
</testng-results>
