<?xml version="1.0" encoding="UTF-8"?>
<testng-results skipped="0" failed="0" total="3" passed="3">
  <reporter-output>
  </reporter-output>
  <suite name="Default suite" duration-ms="84967" started-at="2015-07-08T07:58:29Z" finished-at="2015-07-08T07:59:54Z">
    <groups>
    </groups>
    <test name="Default test" duration-ms="84967" started-at="2015-07-08T07:58:29Z" finished-at="2015-07-08T07:59:54Z">
      <class name="au.com.vclass.automationtests.signin.SignInTest">
        <test-method status="PASS" signature="beforeTest()[pri:0, instance:au.com.vclass.automationtests.signin.SignInTest@1134affc]" name="beforeTest" is-config="true" duration-ms="87" started-at="2015-07-08T17:58:29Z" finished-at="2015-07-08T17:58:29Z">
          <reporter-output>
          </reporter-output>
        </test-method> <!-- beforeTest -->
        <test-method status="PASS" signature="signInWithInvalidInfo()[pri:0, instance:au.com.vclass.automationtests.signin.SignInTest@1134affc]" name="signInWithInvalidInfo" duration-ms="19549" started-at="2015-07-08T17:58:29Z" finished-at="2015-07-08T17:58:49Z">
          <reporter-output>
          </reporter-output>
        </test-method> <!-- signInWithInvalidInfo -->
        <test-method status="PASS" signature="beforeMethod()[pri:0, instance:au.com.vclass.automationtests.signin.SignInTest@1134affc]" name="beforeMethod" is-config="true" duration-ms="0" started-at="2015-07-08T17:58:29Z" finished-at="2015-07-08T17:58:29Z">
          <reporter-output>
          </reporter-output>
        </test-method> <!-- beforeMethod -->
        <test-method status="PASS" signature="afterMethod()[pri:0, instance:au.com.vclass.automationtests.signin.SignInTest@1134affc]" name="afterMethod" is-config="true" duration-ms="3847" started-at="2015-07-08T17:58:49Z" finished-at="2015-07-08T17:58:53Z">
          <reporter-output>
          </reporter-output>
        </test-method> <!-- afterMethod -->
        <test-method status="PASS" signature="beforeMethod()[pri:0, instance:au.com.vclass.automationtests.signin.SignInTest@1134affc]" name="beforeMethod" is-config="true" duration-ms="0" started-at="2015-07-08T17:58:53Z" finished-at="2015-07-08T17:58:53Z">
          <reporter-output>
          </reporter-output>
        </test-method> <!-- beforeMethod -->
        <test-method status="PASS" signature="signInWithValidInfo()[pri:0, instance:au.com.vclass.automationtests.signin.SignInTest@1134affc]" name="signInWithValidInfo" duration-ms="24957" started-at="2015-07-08T17:58:53Z" finished-at="2015-07-08T17:59:18Z">
          <reporter-output>
          </reporter-output>
        </test-method> <!-- signInWithValidInfo -->
        <test-method status="PASS" signature="afterMethod()[pri:0, instance:au.com.vclass.automationtests.signin.SignInTest@1134affc]" name="afterMethod" is-config="true" duration-ms="3832" started-at="2015-07-08T17:59:18Z" finished-at="2015-07-08T17:59:21Z">
          <reporter-output>
          </reporter-output>
        </test-method> <!-- afterMethod -->
        <test-method status="PASS" signature="beforeMethod()[pri:0, instance:au.com.vclass.automationtests.signin.SignInTest@1134affc]" name="beforeMethod" is-config="true" duration-ms="0" started-at="2015-07-08T17:59:21Z" finished-at="2015-07-08T17:59:21Z">
          <reporter-output>
          </reporter-output>
        </test-method> <!-- beforeMethod -->
        <test-method status="PASS" signature="signInRemMe()[pri:0, instance:au.com.vclass.automationtests.signin.SignInTest@1134affc]" name="signInRemMe" duration-ms="28940" started-at="2015-07-08T17:59:21Z" finished-at="2015-07-08T17:59:50Z">
          <reporter-output>
          </reporter-output>
        </test-method> <!-- signInRemMe -->
        <test-method status="PASS" signature="afterMethod()[pri:0, instance:au.com.vclass.automationtests.signin.SignInTest@1134affc]" name="afterMethod" is-config="true" duration-ms="3728" started-at="2015-07-08T17:59:50Z" finished-at="2015-07-08T17:59:54Z">
          <reporter-output>
          </reporter-output>
        </test-method> <!-- afterMethod -->
        <test-method status="PASS" signature="afterTest()[pri:0, instance:au.com.vclass.automationtests.signin.SignInTest@1134affc]" name="afterTest" is-config="true" duration-ms="0" started-at="2015-07-08T17:59:54Z" finished-at="2015-07-08T17:59:54Z">
          <reporter-output>
          </reporter-output>
        </test-method> <!-- afterTest -->
      </class> <!-- au.com.vclass.automationtests.signin.SignInTest -->
    </test> <!-- Default test -->
  </suite> <!-- Default suite -->
</testng-results>
